<->[NORMAL]#00000001#Mon Jul 10 14:25:43 2017#FurMark 1.19.0.0 is starting up...
<->[NORMAL]#00000002#Mon Jul 10 14:25:43 2017#FurMark folder: C:\Program Files (x86)\Geeks3D\Benchmarks\FurMark\
<->[NORMAL]#00000003#Mon Jul 10 14:25:45 2017#OpenGL renderer (main graphics card): Intel HD Graphics 4600 (D)
<->[NORMAL]#00000004#Mon Jul 10 14:25:45 2017#OpenGL version detected: 4.5
<->[NORMAL]#00000005#Mon Jul 10 14:25:45 2017#OpenGL max viewport size: 16384X16384 pixels
<->[NORMAL]#00000006#Mon Jul 10 14:25:45 2017#Device ID string (main graphics card): 
<->[NORMAL]#00000007#Mon Jul 10 14:25:45 2017#CPU/System info:
<->[NORMAL]#00000008#Mon Jul 10 14:25:45 2017#- CPU: Intel(R) Core(TM) i7-4710MQ CPU @ 2.50GHz
<->[NORMAL]#00000009#Mon Jul 10 14:25:46 2017#- CPU speed: 2494 MHz
<->[NORMAL]#00000010#Mon Jul 10 14:25:46 2017#- System memory: 24186 MB
<->[NORMAL]#00000011#Mon Jul 10 14:25:46 2017#- OS: Windows 10 64-bit build 15063
<->[NORMAL]#00000012#Mon Jul 10 14:25:46 2017#Detecting GPUs...
<->[NORMAL]#00000013#Mon Jul 10 14:25:46 2017#Found 2 GPUs.
<->[NORMAL]#00000014#Mon Jul 10 14:25:46 2017#- GPU 1:  Quadro K2100M
<->[NORMAL]#00000015#Mon Jul 10 14:25:46 2017#  - Cores: 576
<->[NORMAL]#00000016#Mon Jul 10 14:25:46 2017#  - Memory size: 2047MB
<->[NORMAL]#00000017#Mon Jul 10 14:25:46 2017#  - Memory type: GDDR5
<->[NORMAL]#00000018#Mon Jul 10 14:25:46 2017#  - TDP: 0W
<->[NORMAL]#00000019#Mon Jul 10 14:25:46 2017#  - Bus ID: 1
<->[NORMAL]#00000020#Mon Jul 10 14:25:46 2017#  - Bios: 80.06.63.00.1e
<->[NORMAL]#00000021#Mon Jul 10 14:25:46 2017#  - Graphics driver: R382.05
<->[NORMAL]#00000022#Mon Jul 10 14:25:46 2017#  - GPU temperature: 45.0°C
<->[NORMAL]#00000023#Mon Jul 10 14:25:46 2017#  - True clocks - GPU clock: 418MHz - Memory clock: 1504MHz - GPU voltage: 0.856V
<->[NORMAL]#00000024#Mon Jul 10 14:25:46 2017#  - GTX 600 series - GPU base clock: 666MHz - GPU boost clock: 666MHz
<->[NORMAL]#00000025#Mon Jul 10 14:25:46 2017#  - PState 0 - GPU clock: 666MHz - Memory clock: 1504MHz - GPU voltage: 0.856V
<->[NORMAL]#00000026#Mon Jul 10 14:25:46 2017#  - PState 5 - GPU clock: 666MHz - Memory clock: 810MHz - GPU voltage: 0.856V
<->[NORMAL]#00000027#Mon Jul 10 14:25:46 2017#  - PState 8 - GPU clock: 405MHz - Memory clock: 405MHz - GPU voltage: 0.837V
<->[NORMAL]#00000028#Mon Jul 10 14:25:46 2017#  - Fan speed: -1%
<->[NORMAL]#00000029#Mon Jul 10 14:25:46 2017#  - Fan speed: -1 RPM
<->[NORMAL]#00000030#Mon Jul 10 14:25:46 2017#- GPU 2:  Intel(R) HD Graphics 4600
<->[NORMAL]#00000031#Mon Jul 10 14:25:46 2017#  - Cores: 20
<->[NORMAL]#00000032#Mon Jul 10 14:25:46 2017#  - Memory size: 1024MB
<->[NORMAL]#00000033#Mon Jul 10 14:25:46 2017#  - Memory type: 
<->[NORMAL]#00000034#Mon Jul 10 14:25:46 2017#  - TDP: 84W
<->[NORMAL]#00000035#Mon Jul 10 14:25:46 2017#  - Bus ID: -1
<->[NORMAL]#00000036#Mon Jul 10 14:25:46 2017#  - Bios: Intel Video BIOS
<->[NORMAL]#00000037#Mon Jul 10 14:25:46 2017#  - Graphics driver: 20.19.15.4474
<->[NORMAL]#00000038#Mon Jul 10 14:25:46 2017#no multi-GPU support (2 physical GPUs)
<->[NORMAL]#00000039#Mon Jul 10 14:25:46 2017#GPU monitoring thread started up ok.
<->[NORMAL]#00000040#Mon Jul 10 14:25:46 2017#oZone3D Engine is starting up - kernel build: [v3.4.0 - Aug 22 2016 @ 16:36:12] - codename: Zhadanas
<->[NORMAL]#00000041#Mon Jul 10 14:25:46 2017#oZone3D initialization in progress...
<->[NORMAL]#00000042#Mon Jul 10 14:25:46 2017#oZone3D - OpenGL renderer creation ok.
<->[NORMAL]#00000043#Mon Jul 10 14:25:46 2017#o3RendererOpenGL INFO: OpenGL version: 4.5.0 NVIDIA 382.05
<->[NORMAL]#00000044#Mon Jul 10 14:25:46 2017#o3RendererOpenGL INFO: OpenGL Shading Language (GLSL) version: 4.50 NVIDIA
<->[NORMAL]#00000045#Mon Jul 10 14:25:46 2017#oZone3D initialization ok.
